[29Nov2024 00:00:03.668] [Server thread/INFO] [net.minecraft.server.MinecraftServer/]: [Not Secure] <NotRealSamX07> XD
[29Nov2024 00:00:09.151] [Server thread/INFO] [net.minecraft.server.MinecraftServer/]: [Not Secure] <Katee555> el este xd
[29Nov2024 00:00:11.834] [Server thread/INFO] [net.minecraft.server.MinecraftServer/]: [Not Secure] <NotRealSamX07> justo iba a ver donde se movia
[29Nov2024 00:00:16.970] [Server thread/INFO] [net.minecraft.server.MinecraftServer/]: [Not Secure] <NotRealSamX07> y se puso a llover
[29Nov2024 00:00:30.968] [Server thread/INFO] [net.minecraft.server.MinecraftServer/]: [Not Secure] <Katee555> ya xd
[29Nov2024 00:00:36.785] [Server thread/INFO] [net.minecraft.server.MinecraftServer/]: [Not Secure] <Katee555> dale click derecho xd
[29Nov2024 00:00:44.879] [Server thread/INFO] [net.minecraft.server.MinecraftServer/]: [Not Secure] <NotRealSamX07> precioso
[29Nov2024 00:00:52.771] [Server thread/INFO] [net.minecraft.server.MinecraftServer/]: [Not Secure] <Katee555> a ver que hay xd
[29Nov2024 00:01:34.595] [Server thread/INFO] [net.minecraft.server.MinecraftServer/]: [Not Secure] <NotRealSamX07> a donde sera q vamos
[29Nov2024 00:01:43.848] [Server thread/INFO] [net.minecraft.server.MinecraftServer/]: [Not Secure] <Katee555> creo que seguir este bosque
[29Nov2024 00:01:47.931] [Server thread/INFO] [net.minecraft.server.MinecraftServer/]: [Not Secure] <Katee555> por si hay dungeon
[29Nov2024 00:02:14.981] [Server thread/INFO] [net.minecraft.server.MinecraftServer/]: [Not Secure] <Katee555> mira
[29Nov2024 00:02:17.767] [Server thread/INFO] [net.minecraft.server.MinecraftServer/]: [Not Secure] <Katee555> espera
[29Nov2024 00:02:29.953] [Server thread/INFO] [net.minecraft.server.MinecraftServer/]: [Not Secure] <Katee555> otro tp xd
[29Nov2024 00:02:43.942] [Server thread/INFO] [net.minecraft.server.MinecraftServer/]: [Not Secure] <NotRealSamX07> pues
[29Nov2024 00:02:47.951] [Server thread/INFO] [net.minecraft.server.MinecraftServer/]: [Not Secure] <Katee555> este por si necesitamos xd
[29Nov2024 00:02:47.982] [Server thread/INFO] [net.minecraft.server.MinecraftServer/]: [Not Secure] <NotRealSamX07> lo guardamos
[29Nov2024 00:03:10.920] [Server thread/INFO] [net.minecraft.server.MinecraftServer/]: [Not Secure] <Katee555> hay pajaros
[29Nov2024 00:03:25.740] [Server thread/INFO] [net.minecraft.server.MinecraftServer/]: [Not Secure] <Katee555> estan escondidos xd
[29Nov2024 00:03:26.775] [Server thread/INFO] [net.minecraft.server.MinecraftServer/]: [Not Secure] <NotRealSamX07> eso parece el diablo metido xd
[29Nov2024 00:03:50.130] [Server thread/INFO] [net.minecraft.server.MinecraftServer/]: [Not Secure] <Katee555> mira
[29Nov2024 00:03:52.286] [Server thread/INFO] [net.minecraft.server.MinecraftServer/]: [Not Secure] <Katee555> una acasa
[29Nov2024 00:04:41.318] [Server thread/INFO] [net.minecraft.server.MinecraftServer/]: [Not Secure] <NotRealSamX07> nada
[29Nov2024 00:04:48.345] [Server thread/INFO] [net.minecraft.server.MinecraftServer/]: [Not Secure] <Katee555> parece de una aldea
[29Nov2024 00:04:51.924] [Server thread/INFO] [net.minecraft.server.MinecraftServer/]: [Not Secure] <Katee555> antigua...
[29Nov2024 00:05:01.349] [Server thread/INFO] [net.minecraft.server.MinecraftServer/]: [Not Secure] <NotRealSamX07> pues
[29Nov2024 00:05:14.219] [Server thread/INFO] [net.minecraft.server.MinecraftServer/]: [Not Secure] <NotRealSamX07> es la unica q hay
[29Nov2024 00:06:17.632] [Server thread/INFO] [net.minecraft.server.MinecraftServer/]: [Not Secure] <NotRealSamX07> redwoods
[29Nov2024 00:06:26.486] [Server thread/INFO] [net.minecraft.server.MinecraftServer/]: [Not Secure] <NotRealSamX07> eso no es una marca de tabaco-?
[29Nov2024 00:06:32.322] [Server thread/INFO] [net.minecraft.server.MinecraftServer/]: [Not Secure] <Katee555> xdd
[29Nov2024 00:06:34.574] [Server thread/INFO] [net.minecraft.server.MinecraftServer/]: [Not Secure] <Katee555> ni yo se xd
[29Nov2024 00:06:41.545] [Server thread/INFO] [net.minecraft.server.MinecraftServer/]: [Not Secure] <Katee555> ohno sam
[29Nov2024 00:06:51.429] [Server thread/INFO] [net.minecraft.server.MinecraftServer/]: [Not Secure] <Katee555> creeper xd
[29Nov2024 00:07:18.267] [Server thread/INFO] [net.minecraft.server.MinecraftServer/]: [Not Secure] <NotRealSamX07> creo q es una mina lo que habia abajo
[29Nov2024 00:07:30.919] [Server thread/INFO] [net.minecraft.server.MinecraftServer/]: [Not Secure] <Katee555> deberiamos volver luego seguimso viendo xd
[29Nov2024 00:07:45.571] [Server thread/INFO] [net.minecraft.server.MinecraftServer/]: [Not Secure] <Katee555> le cambiamos el nombre a bamburgh?
[29Nov2024 00:07:50.419] [Server thread/INFO] [net.minecraft.server.MinecraftServer/]: [Not Secure] <NotRealSamX07> si porfavor
[29Nov2024 00:08:16.981] [Server thread/INFO] [net.minecraft.server.MinecraftServer/]: [Not Secure] <Katee555> ZZZZZZZZZ
[29Nov2024 00:08:24.383] [Server thread/INFO] [net.minecraft.server.MinecraftServer/]: [Not Secure] <NotRealSamX07> dia largo de trabajo
[29Nov2024 00:08:30.726] [Server thread/INFO] [net.minecraft.server.MinecraftServer/]: [Not Secure] <Katee555> mira
[29Nov2024 00:08:35.419] [Server thread/INFO] [net.minecraft.server.MinecraftServer/]: [Not Secure] <NotRealSamX07> ojala el mundo me recompense con la loteria
[29Nov2024 00:08:36.443] [Server thread/INFO] [net.minecraft.server.MinecraftServer/]: [Not Secure] <Katee555> deberiamos navegar ahora hacia ese lado
[29Nov2024 00:08:58.798] [Server thread/INFO] [net.minecraft.server.MinecraftServer/]: [Not Secure] <NotRealSamX07> tenemos la waystone asi que sin preocupaciones
[29Nov2024 00:09:09.097] [Server thread/INFO] [net.minecraft.server.MinecraftServer/]: [Not Secure] <Katee555> alla vamos
[29Nov2024 00:09:17.807] [Server thread/INFO] [net.minecraft.server.MinecraftServer/]: [Not Secure] <Katee555> falta musiquita de frieren-
[29Nov2024 00:09:36.390] [Server thread/INFO] [net.minecraft.server.MinecraftServer/]: [Not Secure] <Katee555> eso es
[29Nov2024 00:09:39.594] [Server thread/INFO] [net.minecraft.server.MinecraftServer/]: [Not Secure] <Katee555> loque creo que es
[29Nov2024 00:10:01.076] [Server thread/INFO] [net.minecraft.server.MinecraftServer/]: [Not Secure] <Katee555> sam
[29Nov2024 00:10:04.373] [Server thread/INFO] [net.minecraft.server.MinecraftServer/]: Unknown or incomplete command, see below for error
[29Nov2024 00:10:04.373] [Server thread/INFO] [net.minecraft.server.MinecraftServer/]: wdadw<--[HERE]
[29Nov2024 00:10:06.798] [Server thread/INFO] [net.minecraft.server.MinecraftServer/]: [Not Secure] <NotRealSamX07> unete al vc
[29Nov2024 00:10:09.708] [Server thread/INFO] [net.minecraft.server.MinecraftServer/]: [Not Secure] <Katee555> lo ves?
[29Nov2024 00:10:12.975] [Server thread/INFO] [net.minecraft.server.MinecraftServer/]: [Not Secure] <NotRealSamX07> e
[29Nov2024 00:10:13.989] [Server thread/INFO] [net.minecraft.server.MinecraftServer/]: [Not Secure] <NotRealSamX07> que
[29Nov2024 00:10:16.152] [Server thread/INFO] [net.minecraft.server.MinecraftServer/]: [Not Secure] <Katee555> eso
[29Nov2024 00:10:19.889] [Server thread/INFO] [net.minecraft.server.MinecraftServer/]: [Not Secure] <Katee555> son ruinas?
[29Nov2024 00:10:21.075] [Server thread/INFO] [net.minecraft.server.MinecraftServer/]: [Not Secure] <NotRealSamX07> mr se escucha baja la musica
[29Nov2024 00:10:22.796] [Server thread/INFO] [net.minecraft.server.MinecraftServer/]: [Not Secure] <NotRealSamX07> ostia
[29Nov2024 00:10:24.269] [Server thread/INFO] [net.minecraft.server.MinecraftServer/]: [Not Secure] <NotRealSamX07> igual si
[29Nov2024 00:10:35.524] [Server thread/INFO] [net.minecraft.server.MinecraftServer/]: [Not Secure] <Katee555> vamos?
[29Nov2024 00:11:18.904] [Server thread/INFO] [net.minecraft.server.MinecraftServer/]: [Not Secure] <Katee555> tengo
[29Nov2024 00:11:20.623] [Server thread/INFO] [net.minecraft.server.MinecraftServer/]: [Not Secure] <Katee555> un hechizo
[29Nov2024 00:11:35.740] [Server thread/INFO] [net.minecraft.server.MinecraftServer/]: [Not Secure] <NotRealSamX07> de
[29Nov2024 00:12:00.539] [Server thread/INFO] [net.minecraft.server.MinecraftServer/]: [Not Secure] <Katee555> es solo
[29Nov2024 00:12:03.550] [Server thread/INFO] [net.minecraft.server.MinecraftServer/]: [Not Secure] <Katee555> un conjuro
[29Nov2024 00:12:10.191] [Server thread/INFO] [net.minecraft.server.MinecraftServer/]: [Not Secure] <Katee555> espera
[29Nov2024 00:12:12.689] [Server thread/INFO] [net.minecraft.server.MinecraftServer/]: [Not Secure] <Katee555> falta un cofre
[29Nov2024 00:12:46.885] [Server thread/INFO] [net.minecraft.server.MinecraftServer/]: [Not Secure] <Katee555> debimos poner un mod de invierno-
[29Nov2024 00:12:49.659] [Server thread/INFO] [net.minecraft.server.MinecraftServer/]: [Not Secure] <Katee555> es mas inmersivo-
[29Nov2024 00:13:04.144] [Server thread/INFO] [net.minecraft.server.MinecraftServer/]: [Not Secure] <NotRealSamX07> mas frieren
[29Nov2024 00:13:08.782] [Server thread/INFO] [net.minecraft.server.MinecraftServer/]: [Not Secure] <Katee555> el invierno de paises del norte mato mas gente que el rey de-
[29Nov2024 00:13:21.080] [Server thread/INFO] [net.minecraft.server.MinecraftServer/]: [Not Secure] <NotRealSamX07> real?
[29Nov2024 00:13:22.455] [Server thread/INFO] [net.minecraft.server.MinecraftServer/]: [Not Secure] <Katee555> sube ya esta todo
[29Nov2024 00:13:33.569] [Server thread/INFO] [net.minecraft.server.MinecraftServer/]: [Not Secure] <NotRealSamX07> siempre es el invierno en las guerras
[29Nov2024 00:13:37.056] [Server thread/INFO] [net.minecraft.server.MinecraftServer/]: [Not Secure] <NotRealSamX07> siempre
[29Nov2024 00:13:45.431] [Server thread/INFO] [net.minecraft.server.MinecraftServer/]: [Not Secure] <Katee555> y si xd
[29Nov2024 00:13:50.224] [Server thread/INFO] [net.minecraft.server.MinecraftServer/]: [Not Secure] <Katee555> mas musiquita de aventura-
[29Nov2024 00:14:34.319] [Server thread/INFO] [net.minecraft.server.MinecraftServer/]: [Not Secure] <Katee555> este sera un viaje largo
[29Nov2024 00:15:08.955] [Server thread/INFO] [net.minecraft.server.MinecraftServer/]: [Not Secure] <NotRealSamX07> mas selva
[29Nov2024 00:15:15.319] [Server thread/INFO] [net.minecraft.server.MinecraftServer/]: [Not Secure] <NotRealSamX07> QUE HACES
[29Nov2024 00:15:18.445] [Server thread/INFO] [net.minecraft.server.MinecraftServer/]: [Not Secure] <NotRealSamX07> DESPIERTA
[29Nov2024 00:15:26.290] [Server thread/INFO] [net.minecraft.server.MinecraftServer/]: [Not Secure] <Katee555> oh dios
[29Nov2024 00:15:36.550] [Server thread/INFO] [net.minecraft.server.players.PlayerList/]: Juanito11Tale[/127.72.90.221:58699] logged in with entity id 23944 at (71.5, 12.0, -62.5)
[29Nov2024 00:15:36.577] [Server thread/INFO] [net.minecraft.server.MinecraftServer/]: Juanito11Tale joined the game
[29Nov2024 00:15:36.639] [Server thread/INFO] [fallingtrees | Config/]: Sending common config 'fallingtrees:fallingtrees_common' to Juanito11Tale
[29Nov2024 00:15:36.712] [Server thread/INFO] [net.minecraft.server.MinecraftServer/]: Juanito11Tale has made the advancement [Under The Moon]
[29Nov2024 00:15:40.359] [Server thread/INFO] [net.minecraft.server.MinecraftServer/]: [Not Secure] <Katee555> XD
[29Nov2024 00:15:50.929] [Netty Epoll Server IO #1/INFO] [fallingtrees | Config/]: Received client config 'fallingtrees:fallingtrees_client' from Juanito11Tale
[29Nov2024 00:15:51.005] [Server thread/INFO] [ping-wheel/]: Channel update: Juanito11Tale -> default
[29Nov2024 00:15:56.910] [Server thread/INFO] [net.minecraft.server.MinecraftServer/]: [Not Secure] <Katee555> juantale
[29Nov2024 00:16:00.086] [Server thread/INFO] [net.minecraft.server.MinecraftServer/]: [Not Secure] <Katee555> perdio todo
[29Nov2024 00:16:04.091] [Server thread/INFO] [net.minecraft.server.MinecraftServer/]: [Not Secure] <NotRealSamX07> JA
[29Nov2024 00:16:16.088] [Server thread/INFO] [net.minecraft.server.MinecraftServer/]: [Not Secure] <Katee555> deberiamos volver a bamburgh
[29Nov2024 00:16:17.692] [Server thread/INFO] [net.minecraft.server.MinecraftServer/]: [Not Secure] <Katee555> temazo
[29Nov2024 00:16:21.566] [Server thread/INFO] [net.minecraft.server.MinecraftServer/]: [Not Secure] <Katee555> voy a llorar con esa sam
[29Nov2024 00:16:26.777] [Server thread/INFO] [net.minecraft.server.MinecraftServer/]: Juanito11Tale has made the advancement [Minecraft Comes Alive]
[29Nov2024 00:16:27.908] [Server thread/INFO] [net.minecraft.server.MinecraftServer/]: [Not Secure] <NotRealSamX07> llora
[29Nov2024 00:16:28.433] [Server thread/INFO] [net.minecraft.server.MinecraftServer/]: [Not Secure] <Katee555> las flores
[29Nov2024 00:16:32.433] [Server thread/INFO] [net.minecraft.server.MinecraftServer/]: [Not Secure] <Katee555> ella finalmente vio las flores...
[29Nov2024 00:16:33.240] [Server thread/INFO] [net.minecraft.server.MinecraftServer/]: [Not Secure] <Juanito11Tale> EJEM
[29Nov2024 00:16:35.904] [Server thread/INFO] [net.minecraft.server.MinecraftServer/]: [Not Secure] <Juanito11Tale> perdi todo
[29Nov2024 00:16:40.480] [Server thread/INFO] [net.minecraft.server.MinecraftServer/]: [Not Secure] <Katee555> este es
[29Nov2024 00:16:46.846] [Server thread/INFO] [net.minecraft.server.MinecraftServer/]: [Not Secure] <Juanito11Tale> creo que no tenia nada guardado en mi confre
[29Nov2024 00:16:47.973] [Server thread/INFO] [net.minecraft.server.MinecraftServer/]: [Not Secure] <NotRealSamX07> aqui? pa q aqui
[29Nov2024 00:16:51.684] [Server thread/INFO] [net.minecraft.server.MinecraftServer/]: [Not Secure] <Juanito11Tale> *cofre
[29Nov2024 00:16:53.657] [Server thread/INFO] [net.minecraft.server.MinecraftServer/]: [Not Secure] <NotRealSamX07> no hay nada interesante
[29Nov2024 00:16:55.272] [Server thread/INFO] [net.minecraft.server.MinecraftServer/]: [Not Secure] <Juanito11Tale> es mas
[29Nov2024 00:16:57.652] [Server thread/INFO] [net.minecraft.server.MinecraftServer/]: [Not Secure] <Juanito11Tale> no tengo cofre
[29Nov2024 00:17:28.299] [Server thread/INFO] [net.minecraft.server.MinecraftServer/]: [Not Secure] <Katee555> vamos sam
[29Nov2024 00:17:29.207] [Server thread/INFO] [net.minecraft.server.MinecraftServer/]: [Not Secure] <Juanito11Tale> oh wow
[29Nov2024 00:17:31.802] [Server thread/INFO] [net.minecraft.server.MinecraftServer/]: [Not Secure] <Juanito11Tale> tengo un hacha
[29Nov2024 00:17:40.333] [Server thread/INFO] [net.minecraft.server.MinecraftServer/]: [Not Secure] <Katee555> vamos
[29Nov2024 00:17:42.125] [Server thread/INFO] [net.minecraft.server.MinecraftServer/]: [Not Secure] <Juanito11Tale> y los arboles estan a 20 km de donde estoy
[29Nov2024 00:17:49.207] [Server thread/INFO] [net.minecraft.server.MinecraftServer/]: [Not Secure] <Juanito11Tale> Oh mierda
[29Nov2024 00:17:51.508] [Server thread/INFO] [net.minecraft.server.MinecraftServer/]: [Not Secure] <Katee555> sam
[29Nov2024 00:17:53.578] [Server thread/INFO] [net.minecraft.server.MinecraftServer/]: [Not Secure] <Juanito11Tale> perdi los 2 stakcs de hierro que tenia
[29Nov2024 00:18:01.422] [Server thread/INFO] [net.minecraft.server.MinecraftServer/]: [Not Secure] <Juanito11Tale> plan b
[29Nov2024 00:18:05.545] [Server thread/INFO] [net.minecraft.server.MinecraftServer/]: [Not Secure] <Juanito11Tale> si uso la cuenta sin contraseña
[29Nov2024 00:18:08.809] [Server thread/INFO] [net.minecraft.server.MinecraftServer/]: [Not Secure] <Juanito11Tale> podre conseguir todo
[29Nov2024 00:18:11.176] [Server thread/INFO] [net.minecraft.server.MinecraftServer/]: [Not Secure] <Juanito11Tale> creo-
[29Nov2024 00:18:16.072] [Server thread/INFO] [net.minecraft.server.MinecraftServer/]: [Not Secure] <Katee555> mi hermana xd
[29Nov2024 00:18:20.431] [Server thread/INFO] [net.minecraft.server.MinecraftServer/]: [Not Secure] <Juanito11Tale> hi
[29Nov2024 00:18:22.253] [Server thread/INFO] [net.minecraft.server.MinecraftServer/]: [Not Secure] <Katee555> juantale
[29Nov2024 00:18:23.038] [Server thread/INFO] [net.minecraft.server.MinecraftServer/]: [Not Secure] <Katee555> sot
[29Nov2024 00:18:25.626] [Server thread/INFO] [net.minecraft.server.MinecraftServer/]: [Not Secure] <Katee555> so
[29Nov2024 00:18:27.360] [Server thread/INFO] [net.minecraft.server.MinecraftServer/]: [Not Secure] <Katee555> soy
[29Nov2024 00:18:32.851] [Server thread/INFO] [net.minecraft.server.MinecraftServer/]: [Not Secure] <Juanito11Tale> STARK!
[29Nov2024 00:18:34.073] [Server thread/INFO] [net.minecraft.server.MinecraftServer/]: [Not Secure] <Katee555> frieren
[29Nov2024 00:18:36.552] [Server thread/INFO] [net.minecraft.server.MinecraftServer/]: [Not Secure] <Juanito11Tale> a no es frieren
[29Nov2024 00:18:42.403] [Server thread/INFO] [net.minecraft.server.MinecraftServer/]: [Not Secure] <Juanito11Tale> !CRY NO TENGO NADA
[29Nov2024 00:18:55.256] [Server thread/INFO] [net.minecraft.server.MinecraftServer/]: [Not Secure] <Katee555> mira sam
[29Nov2024 00:18:55.637] [Server thread/INFO] [net.minecraft.server.MinecraftServer/]: [Not Secure] <NotRealSamX07> dormir
[29Nov2024 00:19:01.275] [Server thread/INFO] [net.minecraft.server.MinecraftServer/]: [Not Secure] <Katee555> es un hechizo nivel 3
[29Nov2024 00:19:02.034] [Server thread/INFO] [net.minecraft.server.MinecraftServer/]: [Not Secure] <Juanito11Tale> Aver intentare conseguir mi cuenta sin contraseña
[29Nov2024 00:19:03.522] [Server thread/INFO] [net.minecraft.server.network.ServerGamePacketListenerImpl/]: Juanito11Tale lost connection: Disconnected
[29Nov2024 00:19:03.522] [Server thread/INFO] [net.minecraft.server.MinecraftServer/]: Juanito11Tale left the game
[29Nov2024 00:19:11.184] [Server thread/INFO] [net.minecraft.server.MinecraftServer/]: [Not Secure] <NotRealSamX07> a
[29Nov2024 00:19:11.876] [Server thread/INFO] [net.minecraft.server.MinecraftServer/]: [Not Secure] <Katee555> no me digas que lo perdiste
[29Nov2024 00:19:13.071] [Server thread/INFO] [net.minecraft.server.MinecraftServer/]: [Not Secure] <Katee555> XD
[29Nov2024 00:19:23.588] [Server thread/INFO] [net.minecraft.server.MinecraftServer/]: [Not Secure] <NotRealSamX07> YO NO SABIA XD
[29Nov2024 00:19:25.701] [Server thread/INFO] [net.minecraft.server.MinecraftServer/]: [Not Secure] <Katee555> DORMIR
[29Nov2024 00:19:33.137] [Server thread/INFO] [net.minecraft.server.MinecraftServer/]: [Not Secure] <Katee555> luego
[29Nov2024 00:19:35.481] [Server thread/INFO] [net.minecraft.server.MinecraftServer/]: [Not Secure] <NotRealSamX07> XDDD
[29Nov2024 00:19:42.181] [Server thread/INFO] [net.minecraft.server.MinecraftServer/]: [Not Secure] <Katee555> tenemos que ponerle un buen lugar de hacer hechizos a esto
[29Nov2024 00:19:50.566] [Server thread/INFO] [net.minecraft.server.MinecraftServer/]: [Not Secure] <Katee555> vamos
[29Nov2024 00:20:14.079] [Server thread/INFO] [net.minecraft.server.MinecraftServer/]: [Not Secure] <Katee555> son las del norte
[29Nov2024 00:20:37.770] [Server thread/INFO] [net.minecraft.server.MinecraftServer/]: [Not Secure] <NotRealSamX07> So
[29Nov2024 00:20:42.684] [Server thread/INFO] [net.minecraft.server.MinecraftServer/]: [Not Secure] <Katee555> vamos
[29Nov2024 00:20:45.573] [Server thread/INFO] [net.minecraft.server.MinecraftServer/]: [Not Secure] <Katee555> a explorar
[29Nov2024 00:21:26.186] [Server thread/INFO] [net.minecraft.server.MinecraftServer/]: [Not Secure] <NotRealSamX07> panda
[29Nov2024 00:21:28.238] [Server thread/INFO] [net.minecraft.server.MinecraftServer/]: [Not Secure] <Katee555> PANDA
[29Nov2024 00:21:51.284] [Server thread/INFO] [net.minecraft.server.MinecraftServer/]: [Not Secure] <NotRealSamX07> ENDERPEARL
[29Nov2024 00:21:52.479] [Server thread/INFO] [net.minecraft.server.MinecraftServer/]: [Not Secure] <Katee555> ojo
[29Nov2024 00:21:57.289] [Server thread/INFO] [net.minecraft.server.MinecraftServer/]: [Not Secure] <Katee555> yo tengo 2 xd
[29Nov2024 00:22:02.036] [Server thread/INFO] [net.minecraft.server.MinecraftServer/]: [Not Secure] <Katee555> vamos re bien
[29Nov2024 00:22:14.849] [Server thread/INFO] [net.minecraft.server.MinecraftServer/]: [Not Secure] <Katee555> sigamos por alla
[29Nov2024 00:22:22.003] [Server thread/INFO] [net.minecraft.server.players.PlayerList/]: Juantale[/127.72.90.221:59137] logged in with entity id 26714 at (1690.770491830007, 63.0, -8897.72372522248)
[29Nov2024 00:22:22.010] [Server thread/INFO] [net.minecraft.server.MinecraftServer/]: Juantale joined the game
[29Nov2024 00:22:22.016] [Server thread/INFO] [fallingtrees | Config/]: Sending common config 'fallingtrees:fallingtrees_common' to Juantale
[29Nov2024 00:22:22.232] [Server thread/INFO] [net.minecraft.server.MinecraftServer/]: [Not Secure] <Katee555> bamburgh se expande-
[29Nov2024 00:22:28.269] [Netty Epoll Server IO #2/INFO] [fallingtrees | Config/]: Received client config 'fallingtrees:fallingtrees_client' from Juantale
[29Nov2024 00:22:28.274] [Server thread/INFO] [ping-wheel/]: Channel update: Juantale -> default
[29Nov2024 00:22:29.835] [Server thread/INFO] [net.minecraft.server.MinecraftServer/]: [Not Secure] <NotRealSamX07> Hasta en los juegos tengo miedo a las alturas-
[29Nov2024 00:22:37.054] [Server thread/INFO] [net.minecraft.server.MinecraftServer/]: [Not Secure] <Juantale> JAJAJA
[29Nov2024 00:22:38.135] [Server thread/INFO] [net.minecraft.server.MinecraftServer/]: [Not Secure] <Katee555> xdd
[29Nov2024 00:22:38.644] [Server thread/INFO] [net.minecraft.server.MinecraftServer/]: [Not Secure] <Juantale> FUNCIONO
[29Nov2024 00:22:46.807] [Server thread/INFO] [net.minecraft.server.MinecraftServer/]: [Not Secure] <Katee555> mira
[29Nov2024 00:22:56.046] [Server thread/INFO] [net.minecraft.server.MinecraftServer/]: [Not Secure] <Katee555> parece un reino destruido
[29Nov2024 00:23:06.292] [Server thread/INFO] [net.minecraft.server.MinecraftServer/]: [Not Secure] <Katee555> ahora es el reino de mate xd
[29Nov2024 00:23:07.438] [Server thread/INFO] [net.minecraft.server.MinecraftServer/]: [Not Secure] <Juantale> CHAVALES YA ESTOY PERDIENDOME TODO?
[29Nov2024 00:23:08.375] [Server thread/INFO] [net.minecraft.server.MinecraftServer/]: [Not Secure] <Katee555> te imaginas xd
[29Nov2024 00:23:23.979] [Server thread/INFO] [net.minecraft.server.network.ServerGamePacketListenerImpl/]: Juantale lost connection: Disconnected
[29Nov2024 00:23:23.980] [Server thread/INFO] [net.minecraft.server.MinecraftServer/]: Juantale left the game
[29Nov2024 00:23:24.775] [Server thread/INFO] [net.minecraft.server.MinecraftServer/]: [Not Secure] <Katee555> esto es
[29Nov2024 00:23:37.581] [Server thread/INFO] [net.minecraft.server.MinecraftServer/]: [Not Secure] <Katee555> sam llevemonos ese pan
[29Nov2024 00:23:50.784] [Server thread/INFO] [net.minecraft.server.MinecraftServer/]: [Not Secure] <NotRealSamX07> solo habian 3
[29Nov2024 00:23:54.918] [Server thread/INFO] [net.minecraft.server.MinecraftServer/]: [Not Secure] <Katee555> mira
[29Nov2024 00:23:56.566] [Server thread/INFO] [net.minecraft.server.MinecraftServer/]: [Not Secure] <Katee555> tu arco
[29Nov2024 00:24:02.123] [Server thread/INFO] [net.minecraft.server.MinecraftServer/]: [Not Secure] <NotRealSamX07> ya tenia
[29Nov2024 00:24:07.836] [Server thread/INFO] [net.minecraft.server.MinecraftServer/]: [Not Secure] <Katee555> necesitamos poner un lugar de tesoros en bamburgh
[29Nov2024 00:24:14.168] [Server thread/INFO] [net.minecraft.server.MinecraftServer/]: [Not Secure] <Katee555> bamburgh sera la capital
[29Nov2024 00:24:59.401] [Server thread/INFO] [net.minecraft.server.MinecraftServer/]: [Not Secure] <Katee555> vamos a regresar el barco y seguimos con el tp
[29Nov2024 00:25:55.260] [Server thread/INFO] [net.minecraft.server.players.PlayerList/]: Juanito11Tale[/127.72.90.221:38827] logged in with entity id 28236 at (1691.699999988079, 70.0, -8905.679903646369)
[29Nov2024 00:25:55.297] [Server thread/INFO] [net.minecraft.server.MinecraftServer/]: Juanito11Tale joined the game
[29Nov2024 00:25:55.302] [Server thread/INFO] [fallingtrees | Config/]: Sending common config 'fallingtrees:fallingtrees_common' to Juanito11Tale
[29Nov2024 00:25:59.225] [Netty Epoll Server IO #7/INFO] [fallingtrees | Config/]: Received client config 'fallingtrees:fallingtrees_client' from Juanito11Tale
[29Nov2024 00:25:59.227] [Server thread/INFO] [ping-wheel/]: Channel update: Juanito11Tale -> default
[29Nov2024 00:26:03.533] [Server thread/INFO] [net.minecraft.server.MinecraftServer/]: [Not Secure] <Katee555> sam
[29Nov2024 00:26:08.842] [Server thread/INFO] [net.minecraft.server.MinecraftServer/]: [Not Secure] <NotRealSamX07> donde estas?
[29Nov2024 00:26:16.528] [Server thread/INFO] [net.minecraft.server.MinecraftServer/]: [Not Secure] <Katee555> sigue el punto
[29Nov2024 00:26:17.503] [Server thread/INFO] [net.minecraft.server.MinecraftServer/]: Juanito11Tale has made the advancement [Suit Up]
[29Nov2024 00:26:18.946] [Server thread/INFO] [net.minecraft.server.MinecraftServer/]: [Not Secure] <NotRealSamX07> ya
[29Nov2024 00:26:21.410] [Server thread/INFO] [net.minecraft.server.MinecraftServer/]: Juanito11Tale has made the advancement [Acquire Hardware]
[29Nov2024 00:26:26.592] [Server thread/INFO] [net.minecraft.server.MinecraftServer/]: [Not Secure] <NotRealSamX07> encontre un campo de flores
[29Nov2024 00:26:26.949] [Server thread/INFO] [net.minecraft.server.MinecraftServer/]: Juanito11Tale has made the advancement [Stone Age]
[29Nov2024 00:26:29.556] [Server thread/INFO] [net.minecraft.server.MinecraftServer/]: Juanito11Tale has made the advancement [Isn't It Iron Pick]
[29Nov2024 00:26:33.278] [Server thread/INFO] [net.minecraft.server.MinecraftServer/]: [Not Secure] <Katee555> el mar esta mesiendo el barco xd
[29Nov2024 00:26:36.682] [Server thread/INFO] [net.minecraft.server.MinecraftServer/]: [Not Secure] <Juanito11Tale> No es hierronico?
[29Nov2024 00:26:38.545] [Server thread/INFO] [net.minecraft.server.MinecraftServer/]: [Not Secure] <Katee555> sera que ponermos mod de marea?
[29Nov2024 00:26:50.247] [Server thread/INFO] [net.minecraft.server.MinecraftServer/]: [Not Secure] <Juanito11Tale> DONDE MIERDA ESTAN
[29Nov2024 00:26:52.244] [Server thread/INFO] [net.minecraft.server.MinecraftServer/]: [Not Secure] <Katee555> apurate sam
[29Nov2024 00:26:55.227] [Server thread/INFO] [net.minecraft.server.MinecraftServer/]: [Not Secure] <Katee555> EL BARCO SE INUNDA
[29Nov2024 00:27:07.293] [Server thread/INFO] [net.minecraft.server.MinecraftServer/]: [Not Secure] <Juanito11Tale> Pq estoy viendo un punto blanco
[29Nov2024 00:27:09.793] [Server thread/INFO] [net.minecraft.server.MinecraftServer/]: [Not Secure] <Katee555> espera juantale vamos por ti
[29Nov2024 00:27:17.177] [Server thread/INFO] [net.minecraft.server.MinecraftServer/]: [Not Secure] <Juanito11Tale> PQ VI UN PUNTO BLANCO QUE DECIA 999M
[29Nov2024 00:27:38.638] [Server thread/INFO] [net.minecraft.server.MinecraftServer/]: [Not Secure] <Katee555> rapido
[29Nov2024 00:27:43.882] [Server thread/INFO] [net.minecraft.server.MinecraftServer/]: [Not Secure] <Katee555> la tormenta esta undiendo esto
[29Nov2024 00:27:52.251] [Server thread/INFO] [net.minecraft.server.MinecraftServer/]: [Not Secure] <Juanito11Tale> Espera se estan hundiendo?
[29Nov2024 00:28:05.534] [Server thread/INFO] [net.minecraft.server.MinecraftServer/]: [Not Secure] <Katee555> mas musica de frieren-
[29Nov2024 00:28:08.791] [Server thread/INFO] [net.minecraft.server.MinecraftServer/]: [Not Secure] <NotRealSamX07> si
[29Nov2024 00:28:21.104] [Server thread/INFO] [net.minecraft.server.MinecraftServer/]: [Not Secure] <Katee555> que juantale se ponga skin de eisen-
[29Nov2024 00:28:27.897] [Server thread/INFO] [net.minecraft.server.MinecraftServer/]: [Not Secure] <Juanito11Tale> Pq de eisen
[29Nov2024 00:28:36.322] [Server thread/INFO] [net.minecraft.server.MinecraftServer/]: [Not Secure] <Katee555> porque sam ya tiene a himmel-
[29Nov2024 00:28:46.446] [Server thread/INFO] [net.minecraft.server.MinecraftServer/]: [Not Secure] <Juanito11Tale> Fuck you
[29Nov2024 00:28:55.933] [Server thread/INFO] [net.minecraft.server.MinecraftServer/]: [Not Secure] <Juanito11Tale> quiero una skin de sombra el puercospin
[29Nov2024 00:28:59.832] [Server thread/INFO] [net.minecraft.server.MinecraftServer/]: [Not Secure] <Katee555> otra ruina ahi abajo
[29Nov2024 00:29:01.527] [Server thread/INFO] [net.minecraft.server.MinecraftServer/]: [Not Secure] <Katee555> la viste?
[29Nov2024 00:29:07.939] [Server thread/INFO] [net.minecraft.server.MinecraftServer/]: [Not Secure] <NotRealSamX07> si
[29Nov2024 00:29:12.600] [Server thread/INFO] [net.minecraft.server.MinecraftServer/]: [Not Secure] <Katee555> dale e
[29Nov2024 00:29:17.452] [Server thread/INFO] [net.minecraft.server.MinecraftServer/]: [Not Secure] <Katee555> en el barco se pueden guardar cosas
[29Nov2024 00:29:23.749] [Server thread/INFO] [net.minecraft.server.MinecraftServer/]: [Not Secure] <NotRealSamX07> ojo
[29Nov2024 00:29:51.547] [Server thread/INFO] [net.minecraft.server.MinecraftServer/]: [Not Secure] <Katee555> YA LLEGAMOS JUANTALE
[29Nov2024 00:29:53.320] [Server thread/INFO] [net.minecraft.server.MinecraftServer/]: [Not Secure] <Juanito11Tale> so south city is to the north
[29Nov2024 00:30:01.369] [Server thread/INFO] [net.minecraft.server.MinecraftServer/]: [Not Secure] <Juanito11Tale> north city is to the west
[29Nov2024 00:30:06.022] [Server thread/INFO] [net.minecraft.server.MinecraftServer/]: [Not Secure] <Juanito11Tale> and east city...
[29Nov2024 00:30:09.929] [Server thread/INFO] [net.minecraft.server.MinecraftServer/]: [Not Secure] <Juanito11Tale> alsto to the-
[29Nov2024 00:30:11.082] [Server thread/INFO] [net.minecraft.server.MinecraftServer/]: [Not Secure] <Juanito11Tale> QUE MIERDA
[29Nov2024 00:30:19.759] [Server thread/INFO] [net.minecraft.server.MinecraftServer/]: [Not Secure] <Katee555> dormir
[29Nov2024 00:30:28.484] [Server thread/INFO] [net.minecraft.server.MinecraftServer/]: [Not Secure] <Juanito11Tale> que epico chaval
[29Nov2024 00:30:36.818] [Server thread/INFO] [net.minecraft.server.MinecraftServer/]: Juanito11Tale has made the advancement [Sweet Dreams]
[29Nov2024 00:30:38.076] [Server thread/INFO] [net.minecraft.server.MinecraftServer/]: [Not Secure] <NotRealSamX07> si soy
[29Nov2024 00:30:52.753] [Server thread/INFO] [net.minecraft.server.MinecraftServer/]: [Not Secure] <Katee555> bueno
[29Nov2024 00:30:57.277] [Server thread/INFO] [net.minecraft.server.MinecraftServer/]: [Not Secure] <Katee555> pondre mucha comida en el barco
[29Nov2024 00:30:58.638] [Server thread/INFO] [net.minecraft.server.MinecraftServer/]: [Not Secure] <Juanito11Tale> oh dios
[29Nov2024 00:31:00.160] [Server thread/INFO] [net.minecraft.server.MinecraftServer/]: [Not Secure] <Juanito11Tale> son ellos
[29Nov2024 00:31:00.169] [Server thread/INFO] [net.minecraft.server.MinecraftServer/]: [Not Secure] <Katee555> para viajes largos
[29Nov2024 00:31:03.388] [Server thread/INFO] [net.minecraft.server.MinecraftServer/]: [Not Secure] <Juanito11Tale> himmel y frieren
[29Nov2024 00:31:05.595] [Server thread/INFO] [net.minecraft.server.MinecraftServer/]: [Not Secure] <Juanito11Tale> mis idolos
[29Nov2024 00:31:11.619] [Server thread/INFO] [net.minecraft.server.MinecraftServer/]: [Not Secure] <Katee555> para encontrar a mate devemos navegar como media hora
[29Nov2024 00:31:14.452] [Server thread/INFO] [net.minecraft.server.MinecraftServer/]: [Not Secure] <Katee555> o una hora
[29Nov2024 00:31:25.883] [Server thread/INFO] [net.minecraft.server.MinecraftServer/]: [Not Secure] <Juanito11Tale> pues que coordenadas esta su aldea?
[29Nov2024 00:31:34.697] [Server thread/INFO] [net.minecraft.server.MinecraftServer/]: [Not Secure] <Katee555> eran negativas
[29Nov2024 00:31:44.908] [Server thread/INFO] [net.minecraft.server.MinecraftServer/]: [Not Secure] <Katee555> no recuerdo bien
[29Nov2024 00:32:27.380] [Server thread/INFO] [net.minecraft.server.MinecraftServer/]: [Not Secure] <Juanito11Tale> Me pondria la skin de eisen
[29Nov2024 00:32:32.472] [Server thread/INFO] [net.minecraft.server.MinecraftServer/]: [Not Secure] <Juanito11Tale> pero me veo muy divina con esta skin
[29Nov2024 00:32:40.519] [Server thread/INFO] [net.minecraft.server.MinecraftServer/]: [Not Secure] <Katee555> juantale
[29Nov2024 00:32:41.673] [Server thread/INFO] [net.minecraft.server.MinecraftServer/]: [Not Secure] <Katee555> ven
[29Nov2024 00:32:51.405] [Server thread/INFO] [net.minecraft.server.MinecraftServer/]: [Not Secure] <Katee555> la comida de hoy
[29Nov2024 00:32:57.738] [Server thread/INFO] [net.minecraft.server.MinecraftServer/]: [Not Secure] <Juanito11Tale> tenia ya 42 panes
[29Nov2024 00:33:12.090] [Server thread/INFO] [net.minecraft.server.MinecraftServer/]: [Not Secure] <Juanito11Tale> no hay manzanas a la venta
[29Nov2024 00:33:16.618] [Server thread/INFO] [net.minecraft.server.MinecraftServer/]: [Not Secure] <Juanito11Tale> larguese de mi tienda
[29Nov2024 00:33:17.520] [Server thread/INFO] [net.minecraft.server.MinecraftServer/]: [Not Secure] <Katee555> juantale
[29Nov2024 00:33:21.798] [Server thread/INFO] [net.minecraft.server.MinecraftServer/]: [Not Secure] <Katee555> ven
[29Nov2024 00:33:35.525] [Server thread/INFO] [net.minecraft.server.MinecraftServer/]: [Not Secure] <Katee555> marca banburgh
[29Nov2024 00:33:40.179] [Server thread/INFO] [net.minecraft.server.MinecraftServer/]: [Not Secure] <Katee555> vamos
[29Nov2024 00:33:40.871] [Server thread/INFO] [net.minecraft.server.MinecraftServer/]: [Not Secure] <Juanito11Tale> sha
[29Nov2024 00:33:50.120] [Server thread/INFO] [net.minecraft.server.MinecraftServer/]: [Not Secure] <Katee555> vamos a islas del este antes
[29Nov2024 00:34:07.283] [Server thread/INFO] [net.minecraft.server.MinecraftServer/]: [Not Secure] <Juanito11Tale> Mientras viajamos
[29Nov2024 00:34:09.491] [Server thread/INFO] [net.minecraft.server.MinecraftServer/]: [Not Secure] <Juanito11Tale> ire estudiando
[29Nov2024 00:34:23.641] [Server thread/INFO] [net.minecraft.server.MinecraftServer/]: [Not Secure] <Katee555> igual las del este no es tan lejos
[29Nov2024 00:34:27.300] [Server thread/INFO] [net.minecraft.server.MinecraftServer/]: [Not Secure] <Katee555> deberiamos hacer algo alla
[29Nov2024 00:34:32.970] [Server thread/INFO] [net.minecraft.server.MinecraftServer/]: [Not Secure] <NotRealSamX07> esta y me voy
[29Nov2024 00:34:40.866] [Server thread/INFO] [net.minecraft.server.MinecraftServer/]: [Not Secure] <Katee555> se nos muere himmel
[29Nov2024 00:34:47.766] [Server thread/INFO] [net.minecraft.server.MinecraftServer/]: [Not Secure] <Juanito11Tale> canon
[29Nov2024 00:34:50.384] [Server thread/INFO] [net.minecraft.server.MinecraftServer/]: [Not Secure] <NotRealSamX07> que ganas de q sea finales de diciembre pa agarrar vacaciones y jugar mas con ustedes
[29Nov2024 00:34:51.527] [Server thread/INFO] [net.minecraft.server.MinecraftServer/]: [Not Secure] <Katee555> NOOO
[29Nov2024 00:34:57.440] [Server thread/INFO] [net.minecraft.server.MinecraftServer/]: [Not Secure] <Juanito11Tale> asi es frieren
[29Nov2024 00:34:59.756] [Server thread/INFO] [net.minecraft.server.MinecraftServer/]: [Not Secure] <Katee555> xdd
[29Nov2024 00:35:01.170] [Server thread/INFO] [net.minecraft.server.MinecraftServer/]: [Not Secure] <Juanito11Tale> y nunca lo conociste mejor!
[29Nov2024 00:35:04.717] [Server thread/INFO] [net.minecraft.server.MinecraftServer/]: [Not Secure] <Katee555> HIMMEL NOOOOOOOOOO
[29Nov2024 00:35:10.109] [Server thread/INFO] [net.minecraft.server.MinecraftServer/]: [Not Secure] <Katee555> !cry
[29Nov2024 00:35:17.721] [Server thread/INFO] [net.minecraft.server.MinecraftServer/]: [Not Secure] <NotRealSamX07> no, lo haces mal, todavia no debes decir nada
[29Nov2024 00:35:28.222] [Server thread/INFO] [net.minecraft.server.MinecraftServer/]: [Not Secure] <NotRealSamX07> debes actuar indiferente, ya cuando me muera
[29Nov2024 00:35:29.718] [Server thread/INFO] [net.minecraft.server.MinecraftServer/]: [Not Secure] <Juanito11Tale> eso que es
[29Nov2024 00:35:31.041] [Server thread/INFO] [net.minecraft.server.MinecraftServer/]: [Not Secure] <NotRealSamX07> ahi lloras
[29Nov2024 00:35:34.103] [Server thread/INFO] [net.minecraft.server.MinecraftServer/]: [Not Secure] <Katee555> tienes razon
[29Nov2024 00:35:35.980] [Server thread/INFO] [net.minecraft.server.MinecraftServer/]: [Not Secure] <Katee555> ...
[29Nov2024 00:35:42.939] [Server thread/INFO] [net.minecraft.server.MinecraftServer/]: [Not Secure] <Katee555> esos son
[29Nov2024 00:35:47.481] [Server thread/INFO] [net.minecraft.server.MinecraftServer/]: [Not Secure] <Juanito11Tale> pq hay una persona
[29Nov2024 00:35:51.267] [Server thread/INFO] [net.minecraft.server.MinecraftServer/]: [Not Secure] <Juanito11Tale> . . .
[29Nov2024 00:35:55.126] [Server thread/INFO] [net.minecraft.server.MinecraftServer/]: [Not Secure] <Juanito11Tale> tengo esquizofrenia chavales-
[29Nov2024 00:35:59.826] [Server thread/INFO] [net.minecraft.server.MinecraftServer/]: [Not Secure] <Juanito11Tale> OH VAYA NO LA TENGO
[29Nov2024 00:36:20.616] [Server thread/INFO] [net.minecraft.server.MinecraftServer/]: [Not Secure] <NotRealSamX07> INDIGENAS DE LA AMAZONIA
[29Nov2024 00:36:25.375] [Server thread/INFO] [net.minecraft.server.MinecraftServer/]: [Not Secure] <Katee555> XD
[29Nov2024 00:36:31.570] [Server thread/INFO] [net.minecraft.server.MinecraftServer/]: [Not Secure] <Juanito11Tale> kate esta secuestrando ya
[29Nov2024 00:36:34.681] [Server thread/INFO] [net.minecraft.server.MinecraftServer/]: [Not Secure] <Juanito11Tale> tipico de ella
[29Nov2024 00:36:46.217] [Server thread/INFO] [net.minecraft.server.MinecraftServer/]: [Not Secure] <NotRealSamX07> mano de obra barata
[29Nov2024 00:36:52.867] [Server thread/INFO] [net.minecraft.server.MinecraftServer/]: [Not Secure] <NotRealSamX07> y si no para expandir la raza
[29Nov2024 00:36:52.897] [Server thread/INFO] [net.minecraft.server.MinecraftServer/]: [Not Secure] <Katee555> luego los consigo xd
[29Nov2024 00:36:59.117] [Server thread/INFO] [net.minecraft.server.MinecraftServer/]: [Not Secure] <Juanito11Tale> Lo dice como si fueran objetos
[29Nov2024 00:37:00.444] [Server thread/INFO] [net.minecraft.server.MinecraftServer/]: [Not Secure] <Katee555> el pueblo necesita renacer
[29Nov2024 00:37:02.278] [Server thread/INFO] [net.minecraft.server.MinecraftServer/]: [Not Secure] <Katee555> muchos muertos
[29Nov2024 00:37:05.277] [Server thread/INFO] [net.minecraft.server.MinecraftServer/]: [Not Secure] <Katee555> sam
[29Nov2024 00:37:10.028] [Server thread/INFO] [net.minecraft.server.MinecraftServer/]: [Not Secure] <NotRealSamX07> lo son juan, lo son
[29Nov2024 00:37:12.089] [Server thread/INFO] [net.minecraft.server.MinecraftServer/]: [Not Secure] <Katee555> pon el barco en una de las orillas
[29Nov2024 00:37:12.170] [Server thread/INFO] [net.minecraft.server.MinecraftServer/]: [Not Secure] <NotRealSamX07> son medios
[29Nov2024 00:37:17.135] [Server thread/INFO] [net.minecraft.server.MinecraftServer/]: [Not Secure] <Katee555> llevemos a juantale al spawn
[29Nov2024 00:37:21.459] [Server thread/INFO] [net.minecraft.server.MinecraftServer/]: [Not Secure] <Katee555> al tp
[29Nov2024 00:37:25.668] [Server thread/INFO] [net.minecraft.server.MinecraftServer/]: [Not Secure] <NotRealSamX07> hay que expandir la poblacion
[29Nov2024 00:37:39.331] [Server thread/INFO] [net.minecraft.server.MinecraftServer/]: [Not Secure] <Katee555> XD
[29Nov2024 00:37:41.774] [Server thread/INFO] [net.minecraft.server.MinecraftServer/]: [Not Secure] <NotRealSamX07> ay
[29Nov2024 00:37:45.569] [Server thread/INFO] [net.minecraft.server.MinecraftServer/]: [Not Secure] <NotRealSamX07> eee cual spawn
[29Nov2024 00:37:50.728] [Server thread/INFO] [net.minecraft.server.MinecraftServer/]: [Not Secure] <Katee555> ve a la playa
[29Nov2024 00:37:54.767] [Server thread/INFO] [net.minecraft.server.MinecraftServer/]: [Not Secure] <Katee555> CORRE
[29Nov2024 00:37:55.951] [Server thread/INFO] [net.minecraft.server.MinecraftServer/]: [Not Secure] <Katee555> CORRE
[29Nov2024 00:37:57.327] [Server thread/INFO] [net.minecraft.server.MinecraftServer/]: [Not Secure] <Katee555> AAA
[29Nov2024 00:38:07.819] [Server thread/INFO] [net.minecraft.server.MinecraftServer/]: [Not Secure] <Katee555> ve a la playa
[29Nov2024 00:38:09.520] [Server thread/INFO] [net.minecraft.server.MinecraftServer/]: [Not Secure] <Katee555> LA DE ALLA
[29Nov2024 00:38:20.035] [Server thread/INFO] [net.minecraft.server.MinecraftServer/]: [Not Secure] <Juanito11Tale> QUE ES ESOOOOOOOOO
[29Nov2024 00:38:23.776] [Server thread/INFO] [net.minecraft.server.MinecraftServer/]: [Not Secure] <Katee555> CORRE SAM
[29Nov2024 00:38:28.395] [Server thread/INFO] [net.minecraft.server.MinecraftServer/]: [Not Secure] <Juanito11Tale> HIJO DE PERRA
[29Nov2024 00:38:28.468] [Server thread/INFO] [net.minecraft.server.MinecraftServer/]: [Not Secure] <NotRealSamX07> ESTA?
[29Nov2024 00:38:30.084] [Server thread/INFO] [net.minecraft.server.MinecraftServer/]: [Not Secure] <Juanito11Tale> SE ACERCA MAS
[29Nov2024 00:38:31.304] [Server thread/INFO] [net.minecraft.server.MinecraftServer/]: [Not Secure] <Katee555> SI
[29Nov2024 00:38:32.593] [Server thread/INFO] [net.minecraft.server.MinecraftServer/]: [Not Secure] <Juanito11Tale> ESTA MAS CERCA
[29Nov2024 00:38:38.867] [Server thread/INFO] [net.minecraft.server.MinecraftServer/]: [Not Secure] <Katee555> YA
[29Nov2024 00:38:56.909] [Server thread/INFO] [net.minecraft.server.MinecraftServer/]: [Not Secure] <Katee555> menos mal no era el pulpo gigante-
[29Nov2024 00:39:01.647] [Server thread/INFO] [net.minecraft.server.MinecraftServer/]: [Not Secure] <Juanito11Tale> Perdona
[29Nov2024 00:39:12.688] [Server thread/INFO] [net.minecraft.server.MinecraftServer/]: [Not Secure] <Katee555> vamos al tp sam
[29Nov2024 00:39:15.906] [Server thread/INFO] [net.minecraft.server.MinecraftServer/]: [Not Secure] <Katee555> luego comemos pescado
[29Nov2024 00:39:21.282] [Server thread/INFO] [net.minecraft.server.MinecraftServer/]: [Not Secure] <NotRealSamX07> DESAPARECIO
[29Nov2024 00:39:26.834] [Server thread/INFO] [net.minecraft.server.MinecraftServer/]: [Not Secure] <Juanito11Tale> LO VI
[29Nov2024 00:39:27.671] [Server thread/INFO] [net.minecraft.server.MinecraftServer/]: [Not Secure] <Juanito11Tale> XD
[29Nov2024 00:39:58.188] [Server thread/INFO] [net.minecraft.server.MinecraftServer/]: [Not Secure] <Katee555> bienvenido
[29Nov2024 00:40:00.117] [Server thread/INFO] [net.minecraft.server.MinecraftServer/]: Juanito11Tale has made the advancement [A trip to the Countryside]
[29Nov2024 00:40:11.868] [Server thread/INFO] [net.minecraft.server.MinecraftServer/]: [Not Secure] <Katee555> a las islas de bamburgh
[29Nov2024 00:40:16.676] [Server thread/INFO] [net.minecraft.server.MinecraftServer/]: [Not Secure] <Juanito11Tale> y esa casa que?
[29Nov2024 00:40:24.284] [Server thread/INFO] [net.minecraft.server.MinecraftServer/]: [Not Secure] <NotRealSamX07> no hay nada
[29Nov2024 00:40:27.749] [Server thread/INFO] [net.minecraft.server.MinecraftServer/]: [Not Secure] <Katee555> es un establo
[29Nov2024 00:40:30.666] [Server thread/INFO] [net.minecraft.server.MinecraftServer/]: [Not Secure] <Juanito11Tale> que decepcion
[29Nov2024 00:40:33.019] [Server thread/INFO] [net.minecraft.server.MinecraftServer/]: [Not Secure] <Katee555> aqui tendremos una mansion
[29Nov2024 00:40:36.984] [Server thread/INFO] [net.minecraft.server.MinecraftServer/]: [Not Secure] <Katee555> para nuestros caballos-
[29Nov2024 00:40:50.455] [Server thread/INFO] [net.minecraft.server.MinecraftServer/]: [Not Secure] <Katee555> vamos
[29Nov2024 00:40:54.081] [Server thread/INFO] [net.minecraft.server.MinecraftServer/]: [Not Secure] <Katee555> a bamburgh a dormir
[29Nov2024 00:41:04.609] [Server thread/INFO] [net.minecraft.server.MinecraftServer/]: [Not Secure] <Katee555> luego hay que llevar a juantale a paises del norte
[29Nov2024 00:41:46.509] [Server thread/INFO] [net.minecraft.server.MinecraftServer/]: [Not Secure] <Katee555> no enserio
[29Nov2024 00:41:49.419] [Server thread/INFO] [net.minecraft.server.MinecraftServer/]: [Not Secure] <Katee555> debemos traer gente aca
[29Nov2024 00:42:00.487] [Server thread/INFO] [net.minecraft.server.MinecraftServer/]: [Not Secure] <Katee555> islas del este todos
[29Nov2024 00:42:13.168] [Server thread/INFO] [net.minecraft.server.MinecraftServer/]: [Not Secure] <NotRealSamX07> e
[29Nov2024 00:42:16.005] [Server thread/INFO] [net.minecraft.server.MinecraftServer/]: [Not Secure] <NotRealSamX07> estoy
[29Nov2024 00:42:26.972] [Server thread/INFO] [net.minecraft.server.MinecraftServer/]: [Not Secure] <Katee555> estas en paises del norte-
[29Nov2024 00:42:37.672] [Server thread/INFO] [net.minecraft.server.MinecraftServer/]: [Not Secure] <Juanito11Tale> Tale un arbol
[29Nov2024 00:42:50.934] [Server thread/INFO] [net.minecraft.server.MinecraftServer/]: [Not Secure] <Juanito11Tale> Juantale: tale un arbol
[29Nov2024 00:42:53.371] [Server thread/INFO] [net.minecraft.server.MinecraftServer/]: [Not Secure] <Katee555> gato
[29Nov2024 00:43:02.020] [Server thread/INFO] [net.minecraft.world.entity.npc.Villager/]: Villager VillagerEntityMCA['Sofia'/36651, l='ServerLevel[world]', x=2283.57, y=236.00, z=-8895.68] died, message: 'Sofia burned to death'
[29Nov2024 00:43:02.020] [Server thread/INFO] [net.minecraft.world.entity.LivingEntity/]: Named entity VillagerEntityMCA['Sofia'/36651, l='ServerLevel[world]', x=2283.57, y=236.00, z=-8895.68] died: Sofia burned to death
[29Nov2024 00:43:04.449] [Server thread/INFO] [net.minecraft.server.MinecraftServer/]: [Not Secure] <NotRealSamX07> no hace falta que digas tale
[29Nov2024 00:43:11.469] [Server thread/INFO] [net.minecraft.server.MinecraftServer/]: [Not Secure] <NotRealSamX07> juan: tale un arbol
[29Nov2024 00:43:13.208] [Server thread/INFO] [net.minecraft.server.MinecraftServer/]: [Not Secure] <Katee555> tale
[29Nov2024 00:43:15.509] [Server thread/INFO] [net.minecraft.server.MinecraftServer/]: [Not Secure] <NotRealSamX07> juantale un arbol
[29Nov2024 00:43:20.468] [Server thread/INFO] [net.minecraft.server.MinecraftServer/]: [Not Secure] <NotRealSamX07> lo pillas? JAJAJA
[29Nov2024 00:43:22.168] [Server thread/INFO] [net.minecraft.server.MinecraftServer/]: [Not Secure] <Katee555> sam al barco xd
[29Nov2024 00:43:30.876] [Server thread/INFO] [net.minecraft.server.MinecraftServer/]: [Not Secure] <Juanito11Tale> Callense
[29Nov2024 00:43:34.968] [Server thread/INFO] [net.minecraft.server.MinecraftServer/]: [Not Secure] <Juanito11Tale> no me dio risa ahora
[29Nov2024 00:43:35.617] [Server thread/INFO] [net.minecraft.server.MinecraftServer/]: [Not Secure] <Katee555> o si quieres tu adelantet
[29Nov2024 00:43:39.459] [Server thread/INFO] [net.minecraft.server.MinecraftServer/]: [Not Secure] <Katee555> tienes el tpd e paises del norte
[29Nov2024 00:43:52.488] [Server thread/INFO] [net.minecraft.server.MinecraftServer/]: [Not Secure] <Katee555> o vienes con nosotros?
[29Nov2024 00:43:54.269] [Server thread/INFO] [net.minecraft.server.MinecraftServer/]: [Not Secure] <Juanito11Tale> Notrealsamuelxx2007 y FateKatherineeosi555Proyect
[29Nov2024 00:43:57.833] [Server thread/INFO] [net.minecraft.server.MinecraftServer/]: [Not Secure] <NotRealSamX07> sisi
[29Nov2024 00:44:15.368] [Server thread/INFO] [net.minecraft.server.MinecraftServer/]: [Not Secure] <Katee555> ohno
[29Nov2024 00:44:16.871] [Server thread/INFO] [net.minecraft.server.MinecraftServer/]: [Not Secure] <Katee555> marea
[29Nov2024 00:44:33.978] [Server thread/INFO] [net.minecraft.server.MinecraftServer/]: [Not Secure] <Juanito11Tale> quememos la casa de mate cuando lleguemos
[29Nov2024 00:44:45.529] [Server thread/INFO] [net.minecraft.server.MinecraftServer/]: [Not Secure] <Katee555> miren
[29Nov2024 00:44:47.573] [Server thread/INFO] [net.minecraft.server.MinecraftServer/]: [Not Secure] <Katee555> islita
[29Nov2024 00:44:52.276] [Server thread/INFO] [net.minecraft.server.MinecraftServer/]: [Not Secure] <Juanito11Tale> aca tale arboles
[29Nov2024 00:45:00.267] [Server thread/INFO] [net.minecraft.server.MinecraftServer/]: [Not Secure] <Katee555> no
[29Nov2024 00:45:05.225] [Server thread/INFO] [net.minecraft.server.MinecraftServer/]: [Not Secure] <Juanito11Tale> La pregunta
[29Nov2024 00:45:09.974] [Server thread/INFO] [net.minecraft.server.MinecraftServer/]: [Not Secure] <Juanito11Tale> donden o tale arboles
[29Nov2024 00:45:11.847] [Server thread/INFO] [net.minecraft.server.MinecraftServer/]: [Not Secure] <Juanito11Tale> *Donde no
[29Nov2024 00:45:18.867] [Server thread/INFO] [net.minecraft.server.MinecraftServer/]: [Not Secure] <Katee555> AAA
[29Nov2024 00:46:01.284] [Server thread/INFO] [net.minecraft.server.MinecraftServer/]: [Not Secure] <NotRealSamX07> me voy
[29Nov2024 00:46:04.122] [Server thread/INFO] [net.minecraft.server.MinecraftServer/]: [Not Secure] <Juanito11Tale> se va
[29Nov2024 00:46:06.904] [Server thread/INFO] [net.minecraft.server.MinecraftServer/]: [Not Secure] <Juanito11Tale> canon-
[29Nov2024 00:46:08.071] [Server thread/INFO] [net.minecraft.server.MinecraftServer/]: [Not Secure] <NotRealSamX07> un humano debe descansar
[29Nov2024 00:46:09.223] [Server thread/INFO] [net.minecraft.server.MinecraftServer/]: [Not Secure] <Katee555> HIMMEL NOOOOOO
[29Nov2024 00:46:13.176] [Server thread/INFO] [net.minecraft.server.MinecraftServer/]: [Not Secure] <NotRealSamX07> ahora si..
[29Nov2024 00:46:19.876] [Server thread/INFO] [net.minecraft.server.MinecraftServer/]: [Not Secure] <Katee555> yo....
[29Nov2024 00:46:25.369] [Server thread/INFO] [net.minecraft.server.MinecraftServer/]: [Not Secure] <Katee555> ni siqueira lo conoci bien...
[29Nov2024 00:46:33.787] [Server thread/INFO] [net.minecraft.server.MinecraftServer/]: [Not Secure] <NotRealSamX07> triste xd
[29Nov2024 00:46:35.256] [Server thread/INFO] [net.minecraft.server.MinecraftServer/]: [Not Secure] <Katee555> *llora*
[29Nov2024 00:46:39.339] [Server thread/INFO] [net.minecraft.server.MinecraftServer/]: [Not Secure] <Katee555> y si xd
[29Nov2024 00:46:49.557] [Server thread/INFO] [net.minecraft.server.MinecraftServer/]: [Not Secure] <NotRealSamX07> chao muchachos disfruten
[29Nov2024 00:46:56.436] [Server thread/INFO] [net.minecraft.server.MinecraftServer/]: [Not Secure] <Katee555> dormir juantale
[29Nov2024 00:46:57.048] [Server thread/INFO] [net.minecraft.server.MinecraftServer/]: [Not Secure] <Juanito11Tale> No me dejes solo-
[29Nov2024 00:46:58.418] [Server thread/INFO] [net.minecraft.server.network.ServerGamePacketListenerImpl/]: NotRealSamX07 lost connection: Disconnected
[29Nov2024 00:46:58.419] [Server thread/INFO] [net.minecraft.server.MinecraftServer/]: NotRealSamX07 left the game
[29Nov2024 00:47:00.408] [Server thread/INFO] [net.minecraft.server.MinecraftServer/]: [Not Secure] <Katee555> dormir
[29Nov2024 00:47:00.828] [Server thread/INFO] [net.minecraft.server.MinecraftServer/]: [Not Secure] <Juanito11Tale> se fue
[29Nov2024 00:47:05.719] [Server thread/INFO] [net.minecraft.server.MinecraftServer/]: [Not Secure] <Katee555> espera ven
[29Nov2024 00:47:17.576] [Server thread/INFO] [net.minecraft.server.MinecraftServer/]: [Not Secure] <Katee555> vamos
[29Nov2024 00:47:20.169] [Server thread/INFO] [net.minecraft.server.MinecraftServer/]: [Not Secure] <Katee555> a paises del norte
[29Nov2024 00:47:26.568] [Server thread/INFO] [net.minecraft.server.MinecraftServer/]: [Not Secure] <Katee555> aun tenemos tiempo
[29Nov2024 00:47:28.017] [Server thread/INFO] [net.minecraft.server.MinecraftServer/]: [Not Secure] <Juanito11Tale> esta lloviendo
[29Nov2024 00:47:40.369] [Server thread/INFO] [net.minecraft.server.MinecraftServer/]: [Not Secure] <Katee555> si se puede juantale
[29Nov2024 00:48:02.882] [Server thread/INFO] [net.minecraft.server.MinecraftServer/]: [Not Secure] <Katee555> este si es un viaje largo xd
[29Nov2024 00:48:08.181] [Server thread/INFO] [net.minecraft.server.MinecraftServer/]: [Not Secure] <Juanito11Tale> Mierda
[29Nov2024 00:48:47.267] [Server thread/INFO] [net.minecraft.server.MinecraftServer/]: [Not Secure] <Juanito11Tale> que es eso
[29Nov2024 00:48:51.317] [Server thread/INFO] [net.minecraft.server.MinecraftServer/]: [Not Secure] <Katee555> que cosa
[29Nov2024 00:48:54.318] [Server thread/INFO] [net.minecraft.server.MinecraftServer/]: [Not Secure] <Katee555> AAA
[29Nov2024 00:48:57.218] [Server thread/INFO] [net.minecraft.server.MinecraftServer/]: [Not Secure] <Juanito11Tale> ese bicho
[29Nov2024 00:48:58.839] [Server thread/INFO] [net.minecraft.server.MinecraftServer/]: [Not Secure] <Juanito11Tale> ESOS BICHOS
[29Nov2024 00:49:01.676] [Server thread/INFO] [net.minecraft.server.MinecraftServer/]: [Not Secure] <Juanito11Tale> QUE
[29Nov2024 00:49:03.508] [Server thread/INFO] [net.minecraft.server.MinecraftServer/]: [Not Secure] <Katee555> SUBE
[29Nov2024 00:49:09.473] [Server thread/INFO] [net.minecraft.server.MinecraftServer/]: [Not Secure] <Juanito11Tale> QUE PASO
[29Nov2024 00:49:15.575] [Server thread/INFO] [net.minecraft.server.MinecraftServer/]: [Not Secure] <Katee555> te bajaste xd
[29Nov2024 00:49:29.839] [Server thread/INFO] [net.minecraft.server.MinecraftServer/]: [Not Secure] <Katee555> juantale
[29Nov2024 00:49:32.668] [Server thread/INFO] [net.minecraft.server.MinecraftServer/]: [Not Secure] <Katee555> no estamos cerca
[29Nov2024 00:49:45.353] [Server thread/INFO] [net.minecraft.server.MinecraftServer/]: [Not Secure] <Juanito11Tale> oh no
[29Nov2024 00:50:17.270] [Server thread/INFO] [net.minecraft.server.MinecraftServer/]: [Not Secure] <Katee555> VEN
[29Nov2024 00:50:46.552] [Server thread/INFO] [net.minecraft.server.MinecraftServer/]: [Not Secure] <Juanito11Tale> Tengo que estudiar
[29Nov2024 00:50:46.919] [Server thread/INFO] [net.minecraft.server.MinecraftServer/]: [Not Secure] <Katee555> no hemos explorado esto
[29Nov2024 00:50:50.367] [Server thread/INFO] [net.minecraft.server.MinecraftServer/]: [Not Secure] <Katee555> ohno
[29Nov2024 00:50:54.167] [Server thread/INFO] [net.minecraft.server.MinecraftServer/]: [Not Secure] <Juanito11Tale> acaban de venir diciendome
[29Nov2024 00:50:58.279] [Server thread/INFO] [net.minecraft.server.MinecraftServer/]: [Not Secure] <Juanito11Tale> que haces jugando retrasado
[29Nov2024 00:51:01.766] [Server thread/INFO] [net.minecraft.server.MinecraftServer/]: [Not Secure] <Katee555> XD
[29Nov2024 00:51:02.865] [Server thread/INFO] [net.minecraft.server.MinecraftServer/]: [Not Secure] <Juanito11Tale> despues tenes todas las vacaciones para jugar
[29Nov2024 00:51:05.207] [Server thread/INFO] [net.minecraft.server.MinecraftServer/]: [Not Secure] <Katee555> vas a estudiar?
[29Nov2024 00:51:08.432] [Server thread/INFO] [net.minecraft.server.MinecraftServer/]: [Not Secure] <Juanito11Tale> Plastica
[29Nov2024 00:51:13.316] [Server thread/INFO] [net.minecraft.server.MinecraftServer/]: [Not Secure] <Juanito11Tale> LInea punto
[29Nov2024 00:51:14.467] [Server thread/INFO] [net.minecraft.server.MinecraftServer/]: [Not Secure] <Katee555> ohno
[29Nov2024 00:51:14.888] [Server thread/INFO] [net.minecraft.server.MinecraftServer/]: [Not Secure] <Juanito11Tale> fondo figura
[29Nov2024 00:51:18.451] [Server thread/INFO] [net.minecraft.server.MinecraftServer/]: [Not Secure] <Juanito11Tale> espacios
[29Nov2024 00:51:20.927] [Server thread/INFO] [net.minecraft.server.MinecraftServer/]: [Not Secure] <Juanito11Tale> tridimension
[29Nov2024 00:51:23.602] [Server thread/INFO] [net.minecraft.server.MinecraftServer/]: [Not Secure] <Katee555> eso es fa-
[29Nov2024 00:51:23.886] [Server thread/INFO] [net.minecraft.server.MinecraftServer/]: [Not Secure] <Juanito11Tale> biodimension
[29Nov2024 00:51:27.267] [Server thread/INFO] [net.minecraft.server.MinecraftServer/]: [Not Secure] <Juanito11Tale> indicadores de espacio
[29Nov2024 00:51:28.704] [Server thread/INFO] [net.minecraft.server.MinecraftServer/]: [Not Secure] <Katee555> yo recuerdo cuando me dieron eso xd
[29Nov2024 00:51:30.693] [Server thread/INFO] [net.minecraft.server.MinecraftServer/]: [Not Secure] <Juanito11Tale> figura humana
[29Nov2024 00:51:41.899] [Server thread/INFO] [net.minecraft.server.MinecraftServer/]: [Not Secure] <Katee555> si te vas?
[29Nov2024 00:51:42.271] [Server thread/INFO] [net.minecraft.server.MinecraftServer/]: [Not Secure] <Juanito11Tale> todo para mañana
[29Nov2024 00:51:43.916] [Server thread/INFO] [net.minecraft.server.MinecraftServer/]: [Not Secure] <Katee555> es que debo
[29Nov2024 00:51:47.602] [Server thread/INFO] [net.minecraft.server.MinecraftServer/]: [Not Secure] <Katee555> regresar el barco-
[29Nov2024 00:51:50.429] [Server thread/INFO] [net.minecraft.server.MinecraftServer/]: [Not Secure] <Juanito11Tale> Que
[29Nov2024 00:51:55.774] [Server thread/INFO] [net.minecraft.server.MinecraftServer/]: Unknown or incomplete command, see below for error
[29Nov2024 00:51:55.782] [Server thread/INFO] [net.minecraft.server.MinecraftServer/]: wdadwad<--[HERE]
[29Nov2024 00:52:02.321] [Server thread/INFO] [net.minecraft.server.MinecraftServer/]: [Not Secure] <Juanito11Tale> Donde mierda estamos
[29Nov2024 00:52:09.016] [Server thread/INFO] [net.minecraft.server.MinecraftServer/]: [Not Secure] <Katee555> en paises del norte-
[29Nov2024 00:52:15.067] [Server thread/INFO] [net.minecraft.server.MinecraftServer/]: [Not Secure] <Juanito11Tale> Bueno adios
[29Nov2024 00:52:17.153] [Server thread/INFO] [net.minecraft.server.MinecraftServer/]: [Not Secure] <Juanito11Tale> Frieren
[29Nov2024 00:52:19.118] [Server thread/INFO] [net.minecraft.server.MinecraftServer/]: [Not Secure] <Katee555> adios-
[29Nov2024 00:52:20.498] [Server thread/INFO] [net.minecraft.server.MinecraftServer/]: [Not Secure] <Juanito11Tale> Mira como himmel
[29Nov2024 00:52:21.567] [Server thread/INFO] [net.minecraft.server.MinecraftServer/]: [Not Secure] <Katee555> eisen-
[29Nov2024 00:52:21.718] [Server thread/INFO] [net.minecraft.server.network.ServerGamePacketListenerImpl/]: Juanito11Tale lost connection: Disconnected
[29Nov2024 00:52:21.718] [Server thread/INFO] [net.minecraft.server.MinecraftServer/]: Juanito11Tale left the game
[29Nov2024 00:54:52.256] [Server thread/WARN] [net.minecraft.server.network.ServerGamePacketListenerImpl/]: Brigg (vehicle of Katee555) moved too quickly! -2.4498160242255835,0.0,10.157040005075032
[29Nov2024 00:54:52.256] [Server thread/WARN] [net.minecraft.server.network.ServerGamePacketListenerImpl/]: Brigg (vehicle of Katee555) moved too quickly! -2.547763636270929,0.0,10.668920752899794
[29Nov2024 00:54:52.257] [Server thread/WARN] [net.minecraft.server.network.ServerGamePacketListenerImpl/]: Brigg (vehicle of Katee555) moved too quickly! -2.646267639034022,0.0,11.175029333433486
[29Nov2024 00:54:52.257] [Server thread/WARN] [net.minecraft.server.network.ServerGamePacketListenerImpl/]: Brigg (vehicle of Katee555) moved too quickly! -2.7493284935103475,0.0,11.693411004720474
[29Nov2024 00:54:52.257] [Server thread/WARN] [net.minecraft.server.network.ServerGamePacketListenerImpl/]: Brigg (vehicle of Katee555) moved too quickly! -2.853811844089023,0.0,12.205834148837312
[29Nov2024 00:54:52.257] [Server thread/WARN] [net.minecraft.server.network.ServerGamePacketListenerImpl/]: Brigg (vehicle of Katee555) moved too quickly! -2.959655657982694,0.0,12.709853932334227
[29Nov2024 00:54:52.258] [Server thread/WARN] [net.minecraft.server.network.ServerGamePacketListenerImpl/]: Brigg (vehicle of Katee555) moved too quickly! -3.069376162340177,0.0,13.218498112270026
[29Nov2024 00:54:52.258] [Server thread/WARN] [net.minecraft.server.network.ServerGamePacketListenerImpl/]: Brigg (vehicle of Katee555) moved too quickly! -3.180640298061462,0.0,13.470785132067249
[29Nov2024 00:54:52.258] [Server thread/WARN] [net.minecraft.server.network.ServerGamePacketListenerImpl/]: Brigg (vehicle of Katee555) moved too quickly! -3.29734260571081,0.0,13.470785132067249
[29Nov2024 00:54:52.258] [Server thread/WARN] [net.minecraft.server.network.ServerGamePacketListenerImpl/]: Brigg (vehicle of Katee555) moved too quickly! -3.4152822968121654,0.0,13.470785132067249
[29Nov2024 00:54:52.258] [Server thread/WARN] [net.minecraft.server.network.ServerGamePacketListenerImpl/]: Brigg (vehicle of Katee555) moved too quickly! -3.534218066438143,0.0,13.470785132067249
[29Nov2024 00:54:52.259] [Server thread/WARN] [net.minecraft.server.network.ServerGamePacketListenerImpl/]: Brigg (vehicle of Katee555) moved too quickly! -3.657158870225885,0.0,13.470785132067249
[29Nov2024 00:54:52.259] [Server thread/WARN] [net.minecraft.server.network.ServerGamePacketListenerImpl/]: Brigg (vehicle of Katee555) moved too quickly! -3.7807733376118904,0.0,13.470785132067249
[29Nov2024 00:54:52.259] [Server thread/WARN] [net.minecraft.server.network.ServerGamePacketListenerImpl/]: Brigg (vehicle of Katee555) moved too quickly! -3.904879789173492,0.0,13.470785132067249
[29Nov2024 00:54:52.259] [Server thread/WARN] [net.minecraft.server.network.ServerGamePacketListenerImpl/]: Brigg (vehicle of Katee555) moved too quickly! -4.033805969041396,0.0,13.470785132067249
[29Nov2024 00:54:52.259] [Server thread/WARN] [net.minecraft.server.network.ServerGamePacketListenerImpl/]: Brigg (vehicle of Katee555) moved too quickly! -4.1629244901128,0.0,13.470785132067249
[29Nov2024 00:54:52.259] [Server thread/WARN] [net.minecraft.server.network.ServerGamePacketListenerImpl/]: Brigg (vehicle of Katee555) moved too quickly! -4.292013828750896,0.0,13.97504787004982
[29Nov2024 00:54:52.259] [Server thread/WARN] [net.minecraft.server.network.ServerGamePacketListenerImpl/]: Brigg (vehicle of Katee555) moved too quickly! -4.422166475480481,0.0,14.470785132067249
[29Nov2024 00:54:52.341] [Server thread/WARN] [net.minecraft.server.network.ServerGamePacketListenerImpl/]: Brigg (vehicle of Katee555) moved wrongly! 1.0
[29Nov2024 00:54:52.342] [Server thread/WARN] [net.minecraft.server.network.ServerGamePacketListenerImpl/]: Brigg (vehicle of Katee555) moved wrongly! 1.0
[29Nov2024 00:54:52.378] [Server thread/WARN] [net.minecraft.server.network.ServerGamePacketListenerImpl/]: Brigg (vehicle of Katee555) moved wrongly! 1.0
[29Nov2024 00:54:56.533] [Server thread/WARN] [net.minecraft.server.network.ServerGamePacketListenerImpl/]: Brigg (vehicle of Katee555) moved too quickly! -1.2294846954080185,0.0,10.356012487251064
[29Nov2024 00:54:56.534] [Server thread/WARN] [net.minecraft.server.network.ServerGamePacketListenerImpl/]: Brigg (vehicle of Katee555) moved too quickly! -1.157509529474055,0.0,10.791606277449318
[29Nov2024 00:54:56.534] [Server thread/WARN] [net.minecraft.server.network.ServerGamePacketListenerImpl/]: Brigg (vehicle of Katee555) moved too quickly! -1.0694586850511314,0.0,11.234925714534256
[29Nov2024 00:54:56.534] [Server thread/WARN] [net.minecraft.server.network.ServerGamePacketListenerImpl/]: Brigg (vehicle of Katee555) moved too quickly! -0.9680128355184934,0.0,11.669491065356851
[29Nov2024 00:54:56.534] [Server thread/WARN] [net.minecraft.server.network.ServerGamePacketListenerImpl/]: Brigg (vehicle of Katee555) moved too quickly! -0.853356208397372,0.0,12.09455758778131
[29Nov2024 00:54:56.534] [Server thread/WARN] [net.minecraft.server.network.ServerGamePacketListenerImpl/]: Brigg (vehicle of Katee555) moved too quickly! -0.731306796518993,0.0,12.494540843181312
[29Nov2024 00:54:56.535] [Server thread/WARN] [net.minecraft.server.network.ServerGamePacketListenerImpl/]: Brigg (vehicle of Katee555) moved too quickly! -0.5919329970724903,0.0,12.89877513153624
[29Nov2024 00:54:56.535] [Server thread/WARN] [net.minecraft.server.network.ServerGamePacketListenerImpl/]: Brigg (vehicle of Katee555) moved too quickly! -0.44016670834207616,0.0,13.291414874356633
[29Nov2024 00:54:56.535] [Server thread/WARN] [net.minecraft.server.network.ServerGamePacketListenerImpl/]: Brigg (vehicle of Katee555) moved too quickly! -0.2765377470605017,0.0,13.672309599722212
[29Nov2024 00:54:56.535] [Server thread/WARN] [net.minecraft.server.network.ServerGamePacketListenerImpl/]: Brigg (vehicle of Katee555) moved too quickly! -0.10908185029097694,0.0,14.026964918719386
[29Nov2024 00:54:56.535] [Server thread/WARN] [net.minecraft.server.network.ServerGamePacketListenerImpl/]: Brigg (vehicle of Katee555) moved too quickly! 0.07573035233326664,0.0,14.386265474920947
[29Nov2024 00:54:56.535] [Server thread/WARN] [net.minecraft.server.network.ServerGamePacketListenerImpl/]: Brigg (vehicle of Katee555) moved too quickly! 0.26207747584771823,0.0,14.72146265549236
[29Nov2024 00:54:56.535] [Server thread/WARN] [net.minecraft.server.network.ServerGamePacketListenerImpl/]: Brigg (vehicle of Katee555) moved too quickly! 0.45805228107769835,0.0,14.995270668259764
[29Nov2024 00:55:44.073] [Server thread/INFO] [net.minecraft.server.MinecraftServer/]: Unknown or incomplete command, see below for error
[29Nov2024 00:55:44.093] [Server thread/INFO] [net.minecraft.server.MinecraftServer/]: wdada<--[HERE]
[29Nov2024 00:57:22.720] [Server thread/INFO] [net.minecraft.server.MinecraftServer/]: Set Katee555's game mode to Creative Mode
[29Nov2024 01:06:41.174] [Server thread/INFO] [net.minecraft.server.MinecraftServer/]: Unknown or incomplete command, see below for error
[29Nov2024 01:06:41.175] [Server thread/INFO] [net.minecraft.server.MinecraftServer/]: wdwa<--[HERE]
[29Nov2024 01:11:16.521] [Server thread/INFO] [net.minecraft.server.MinecraftServer/]: Set Katee555's game mode to Survival Mode
[29Nov2024 01:12:11.970] [Server thread/INFO] [net.minecraft.server.MinecraftServer/]: Set Katee555's game mode to Creative Mode
[29Nov2024 01:12:28.670] [Server thread/INFO] [net.minecraft.server.MinecraftServer/]: Set Katee555's game mode to Survival Mode
[29Nov2024 01:15:03.469] [Server thread/INFO] [net.minecraft.server.MinecraftServer/]: Set Katee555's game mode to Creative Mode
[29Nov2024 01:41:34.520] [Server thread/INFO] [net.minecraft.server.MinecraftServer/]: Set Katee555's game mode to Survival Mode
[29Nov2024 01:48:42.219] [Server thread/INFO] [net.minecraft.server.MinecraftServer/]: Set Katee555's game mode to Creative Mode
[29Nov2024 01:48:53.819] [Server thread/INFO] [net.minecraft.server.MinecraftServer/]: Set Katee555's game mode to Survival Mode
[29Nov2024 01:54:26.970] [Server thread/INFO] [net.minecraft.server.MinecraftServer/]: Gave 30 [Emerald] to Katee555
[29Nov2024 02:02:12.617] [Server thread/INFO] [net.minecraft.server.MinecraftServer/]: Katee555 has made the advancement [Bypassing the Expiration Date]
[29Nov2024 02:11:38.666] [Server thread/INFO] [net.minecraft.server.network.ServerGamePacketListenerImpl/]: Katee555 lost connection: Disconnected
[29Nov2024 02:11:38.666] [Server thread/INFO] [net.minecraft.server.MinecraftServer/]: Katee555 left the game
[29Nov2024 02:11:42.861] [Server thread/INFO] [net.minecraft.server.MinecraftServer/]: Stopping server
[29Nov2024 02:11:42.862] [Server thread/INFO] [net.minecraft.server.MinecraftServer/]: Saving players
[29Nov2024 02:11:42.862] [Server thread/INFO] [net.minecraft.server.MinecraftServer/]: Saving worlds
[29Nov2024 02:11:43.054] [Server thread/INFO] [net.minecraft.server.MinecraftServer/]: Saving chunks for level 'ServerLevel[world]'/minecraft:overworld
[29Nov2024 02:11:43.602] [Server thread/INFO] [net.minecraft.server.MinecraftServer/]: Saving chunks for level 'ServerLevel[world]'/minecraft:the_nether
[29Nov2024 02:11:43.603] [Server thread/INFO] [net.minecraft.server.MinecraftServer/]: Saving chunks for level 'ServerLevel[world]'/minecraft:the_end
[29Nov2024 02:11:43.719] [Server thread/INFO] [net.minecraft.server.MinecraftServer/]: ThreadedAnvilChunkStorage (world): All chunks are saved
[29Nov2024 02:11:43.719] [Server thread/INFO] [net.minecraft.server.MinecraftServer/]: ThreadedAnvilChunkStorage (DIM-1): All chunks are saved
[29Nov2024 02:11:43.719] [Server thread/INFO] [net.minecraft.server.MinecraftServer/]: ThreadedAnvilChunkStorage (DIM1): All chunks are saved
[29Nov2024 02:11:43.719] [Server thread/INFO] [net.minecraft.server.MinecraftServer/]: ThreadedAnvilChunkStorage: All dimensions are saved
